[2024-07-14T12:01:47.194+0000] {local_task_job_runner.py:120} INFO - ::group::Pre task execution logs
[2024-07-14T12:01:47.217+0000] {taskinstance.py:2076} INFO - Dependencies all met for dep_context=non-requeueable deps ti=<TaskInstance: etl_reddit_pipeline.s3_upload manual__2024-07-14T12:01:43.712907+00:00 [queued]>
[2024-07-14T12:01:47.224+0000] {taskinstance.py:2076} INFO - Dependencies all met for dep_context=requeueable deps ti=<TaskInstance: etl_reddit_pipeline.s3_upload manual__2024-07-14T12:01:43.712907+00:00 [queued]>
[2024-07-14T12:01:47.224+0000] {taskinstance.py:2306} INFO - Starting attempt 1 of 1
[2024-07-14T12:01:47.236+0000] {taskinstance.py:2330} INFO - Executing <Task(PythonOperator): s3_upload> on 2024-07-14 12:01:43.712907+00:00
[2024-07-14T12:01:47.244+0000] {warnings.py:112} WARNING - /home/***/.local/lib/python3.12/site-packages/***/task/task_runner/standard_task_runner.py:61: DeprecationWarning: This process (pid=98) is multi-threaded, use of fork() may lead to deadlocks in the child.
  pid = os.fork()

[2024-07-14T12:01:47.246+0000] {standard_task_runner.py:63} INFO - Started process 100 to run task
[2024-07-14T12:01:47.246+0000] {standard_task_runner.py:90} INFO - Running: ['***', 'tasks', 'run', 'etl_reddit_pipeline', 's3_upload', 'manual__2024-07-14T12:01:43.712907+00:00', '--job-id', '18', '--raw', '--subdir', 'DAGS_FOLDER/python_dag.py', '--cfg-path', '/tmp/tmp0xkmpqus']
[2024-07-14T12:01:47.248+0000] {standard_task_runner.py:91} INFO - Job 18: Subtask s3_upload
[2024-07-14T12:01:47.291+0000] {task_command.py:426} INFO - Running <TaskInstance: etl_reddit_pipeline.s3_upload manual__2024-07-14T12:01:43.712907+00:00 [running]> on host de0f1314b34c
[2024-07-14T12:01:47.362+0000] {taskinstance.py:2648} INFO - Exporting env vars: AIRFLOW_CTX_DAG_OWNER='Ademola Balogun' AIRFLOW_CTX_DAG_ID='etl_reddit_pipeline' AIRFLOW_CTX_TASK_ID='s3_upload' AIRFLOW_CTX_EXECUTION_DATE='2024-07-14T12:01:43.712907+00:00' AIRFLOW_CTX_TRY_NUMBER='1' AIRFLOW_CTX_DAG_RUN_ID='manual__2024-07-14T12:01:43.712907+00:00'
[2024-07-14T12:01:47.363+0000] {taskinstance.py:430} INFO - ::endgroup::
[2024-07-14T12:01:47.756+0000] {logging_mixin.py:188} INFO - Bucket already exists!
[2024-07-14T12:01:47.940+0000] {logging_mixin.py:188} INFO - File uploaded
[2024-07-14T12:01:47.940+0000] {python.py:237} INFO - Done. Returned value was: None
[2024-07-14T12:01:47.940+0000] {taskinstance.py:441} INFO - ::group::Post task execution logs
[2024-07-14T12:01:47.948+0000] {taskinstance.py:1206} INFO - Marking task as SUCCESS. dag_id=etl_reddit_pipeline, task_id=s3_upload, run_id=manual__2024-07-14T12:01:43.712907+00:00, execution_date=20240714T120143, start_date=20240714T120147, end_date=20240714T120147
[2024-07-14T12:01:47.982+0000] {local_task_job_runner.py:240} INFO - Task exited with return code 0
[2024-07-14T12:01:47.996+0000] {taskinstance.py:3503} INFO - 0 downstream tasks scheduled from follow-on schedule check
[2024-07-14T12:01:47.997+0000] {local_task_job_runner.py:222} INFO - ::endgroup::
