[2024-07-14T06:30:31.096+0000] {local_task_job_runner.py:120} INFO - ::group::Pre task execution logs
[2024-07-14T06:30:31.122+0000] {taskinstance.py:2076} INFO - Dependencies all met for dep_context=non-requeueable deps ti=<TaskInstance: etl_reddit_pipeline.reddit_extraction manual__2024-07-14T06:30:29.707237+00:00 [queued]>
[2024-07-14T06:30:31.129+0000] {taskinstance.py:2076} INFO - Dependencies all met for dep_context=requeueable deps ti=<TaskInstance: etl_reddit_pipeline.reddit_extraction manual__2024-07-14T06:30:29.707237+00:00 [queued]>
[2024-07-14T06:30:31.130+0000] {taskinstance.py:2306} INFO - Starting attempt 1 of 1
[2024-07-14T06:30:31.142+0000] {taskinstance.py:2330} INFO - Executing <Task(PythonOperator): reddit_extraction> on 2024-07-14 06:30:29.707237+00:00
[2024-07-14T06:30:31.151+0000] {warnings.py:112} WARNING - /home/***/.local/lib/python3.12/site-packages/***/task/task_runner/standard_task_runner.py:61: DeprecationWarning: This process (pid=309) is multi-threaded, use of fork() may lead to deadlocks in the child.
  pid = os.fork()

[2024-07-14T06:30:31.152+0000] {standard_task_runner.py:63} INFO - Started process 310 to run task
[2024-07-14T06:30:31.153+0000] {standard_task_runner.py:90} INFO - Running: ['***', 'tasks', 'run', 'etl_reddit_pipeline', 'reddit_extraction', 'manual__2024-07-14T06:30:29.707237+00:00', '--job-id', '13', '--raw', '--subdir', 'DAGS_FOLDER/python_dag.py', '--cfg-path', '/tmp/tmp1mwng94_']
[2024-07-14T06:30:31.154+0000] {standard_task_runner.py:91} INFO - Job 13: Subtask reddit_extraction
[2024-07-14T06:30:31.203+0000] {task_command.py:426} INFO - Running <TaskInstance: etl_reddit_pipeline.reddit_extraction manual__2024-07-14T06:30:29.707237+00:00 [running]> on host 12ac62825425
[2024-07-14T06:30:31.296+0000] {taskinstance.py:2648} INFO - Exporting env vars: AIRFLOW_CTX_DAG_OWNER='Ademola Balogun' AIRFLOW_CTX_DAG_ID='etl_reddit_pipeline' AIRFLOW_CTX_TASK_ID='reddit_extraction' AIRFLOW_CTX_EXECUTION_DATE='2024-07-14T06:30:29.707237+00:00' AIRFLOW_CTX_TRY_NUMBER='1' AIRFLOW_CTX_DAG_RUN_ID='manual__2024-07-14T06:30:29.707237+00:00'
[2024-07-14T06:30:31.296+0000] {taskinstance.py:430} INFO - ::endgroup::
[2024-07-14T06:30:31.312+0000] {logging_mixin.py:188} INFO - Connected to reddit
[2024-07-14T06:30:31.313+0000] {logging_mixin.py:188} INFO - <praw.models.listing.generator.ListingGenerator object at 0x7f93ef48b410>
[2024-07-14T06:30:31.313+0000] {python.py:237} INFO - Done. Returned value was: None
[2024-07-14T06:30:31.314+0000] {taskinstance.py:441} INFO - ::group::Post task execution logs
[2024-07-14T06:30:31.324+0000] {taskinstance.py:1206} INFO - Marking task as SUCCESS. dag_id=etl_reddit_pipeline, task_id=reddit_extraction, run_id=manual__2024-07-14T06:30:29.707237+00:00, execution_date=20240714T063029, start_date=20240714T063031, end_date=20240714T063031
[2024-07-14T06:30:31.366+0000] {local_task_job_runner.py:240} INFO - Task exited with return code 0
[2024-07-14T06:30:31.386+0000] {taskinstance.py:3503} INFO - 0 downstream tasks scheduled from follow-on schedule check
[2024-07-14T06:30:31.387+0000] {local_task_job_runner.py:222} INFO - ::endgroup::
