[2024-07-13T06:58:50.659+0000] {manager.py:470} INFO - Processing files using up to 2 processes at a time 
[2024-07-13T06:58:50.660+0000] {manager.py:471} INFO - Process each file at most once every 30 seconds
[2024-07-13T06:58:50.660+0000] {manager.py:472} INFO - Checking for new files in /opt/airflow/dags every 300 seconds
[2024-07-13T06:58:50.660+0000] {manager.py:737} INFO - Searching for files in /opt/airflow/dags
[2024-07-13T06:58:50.661+0000] {manager.py:740} INFO - There are 0 files in /opt/airflow/dags
[2024-07-13T07:03:51.600+0000] {manager.py:737} INFO - Searching for files in /opt/airflow/dags
[2024-07-13T07:03:51.601+0000] {manager.py:740} INFO - There are 0 files in /opt/airflow/dags
[2024-07-13T07:08:52.527+0000] {manager.py:737} INFO - Searching for files in /opt/airflow/dags
[2024-07-13T07:08:52.527+0000] {manager.py:740} INFO - There are 1 files in /opt/airflow/dags
[2024-07-13T07:08:52.544+0000] {manager.py:878} INFO - 
================================================================================
DAG File Processing Stats

File Path                          PID  Runtime      # DAGs    # Errors  Last Runtime    Last Run
-------------------------------  -----  ---------  --------  ----------  --------------  ----------
/opt/airflow/dags/python_dag.py    176  0.01s             0           0
================================================================================
[2024-07-13T07:09:22.801+0000] {manager.py:878} INFO - 
================================================================================
DAG File Processing Stats

File Path                          PID  Runtime      # DAGs    # Errors  Last Runtime    Last Run
-------------------------------  -----  ---------  --------  ----------  --------------  -------------------
/opt/airflow/dags/python_dag.py    190  0.01s             0           0  0.04s           2024-07-13T07:09:19
================================================================================
[2024-07-13T07:09:53.032+0000] {manager.py:878} INFO - 
================================================================================
DAG File Processing Stats

File Path                        PID    Runtime      # DAGs    # Errors  Last Runtime    Last Run
-------------------------------  -----  ---------  --------  ----------  --------------  -------------------
/opt/airflow/dags/python_dag.py                           0           1  0.04s           2024-07-13T07:09:49
================================================================================
[2024-07-13T07:10:23.485+0000] {manager.py:878} INFO - 
================================================================================
DAG File Processing Stats

File Path                        PID    Runtime      # DAGs    # Errors  Last Runtime    Last Run
-------------------------------  -----  ---------  --------  ----------  --------------  -------------------
/opt/airflow/dags/python_dag.py                           1           0  0.08s           2024-07-13T07:10:09
================================================================================
[2024-07-13T07:10:53.651+0000] {manager.py:878} INFO - 
================================================================================
DAG File Processing Stats

File Path                        PID    Runtime      # DAGs    # Errors  Last Runtime    Last Run
-------------------------------  -----  ---------  --------  ----------  --------------  -------------------
/opt/airflow/dags/python_dag.py                           1           0  0.18s           2024-07-13T07:10:39
================================================================================
[2024-07-13T07:11:23.857+0000] {manager.py:878} INFO - 
================================================================================
DAG File Processing Stats

File Path                        PID    Runtime      # DAGs    # Errors  Last Runtime    Last Run
-------------------------------  -----  ---------  --------  ----------  --------------  -------------------
/opt/airflow/dags/python_dag.py                           1           0  0.09s           2024-07-13T07:11:09
================================================================================
[2024-07-13T07:11:54.089+0000] {manager.py:878} INFO - 
================================================================================
DAG File Processing Stats

File Path                        PID    Runtime      # DAGs    # Errors  Last Runtime    Last Run
-------------------------------  -----  ---------  --------  ----------  --------------  -------------------
/opt/airflow/dags/python_dag.py                           0           1  0.22s           2024-07-13T07:11:51
================================================================================
[2024-07-13T07:12:24.586+0000] {manager.py:878} INFO - 
================================================================================
DAG File Processing Stats

File Path                        PID    Runtime      # DAGs    # Errors  Last Runtime    Last Run
-------------------------------  -----  ---------  --------  ----------  --------------  -------------------
/opt/airflow/dags/python_dag.py                           1           0  0.13s           2024-07-13T07:12:23
================================================================================
[2024-07-13T07:12:54.710+0000] {manager.py:878} INFO - 
================================================================================
DAG File Processing Stats

File Path                        PID    Runtime      # DAGs    # Errors  Last Runtime    Last Run
-------------------------------  -----  ---------  --------  ----------  --------------  -------------------
/opt/airflow/dags/python_dag.py                           1           0  0.19s           2024-07-13T07:12:44
================================================================================
[2024-07-13T07:13:25.013+0000] {manager.py:878} INFO - 
================================================================================
DAG File Processing Stats

File Path                        PID    Runtime      # DAGs    # Errors  Last Runtime    Last Run
-------------------------------  -----  ---------  --------  ----------  --------------  -------------------
/opt/airflow/dags/python_dag.py                           1           0  0.10s           2024-07-13T07:13:08
================================================================================
[2024-07-13T07:13:53.130+0000] {manager.py:737} INFO - Searching for files in /opt/airflow/dags
[2024-07-13T07:13:53.132+0000] {manager.py:740} INFO - There are 1 files in /opt/airflow/dags
[2024-07-13T07:13:55.153+0000] {manager.py:878} INFO - 
================================================================================
DAG File Processing Stats

File Path                        PID    Runtime      # DAGs    # Errors  Last Runtime    Last Run
-------------------------------  -----  ---------  --------  ----------  --------------  -------------------
/opt/airflow/dags/python_dag.py                           1           0  0.09s           2024-07-13T07:13:54
================================================================================
[2024-07-13T07:14:25.447+0000] {manager.py:878} INFO - 
================================================================================
DAG File Processing Stats

File Path                        PID    Runtime      # DAGs    # Errors  Last Runtime    Last Run
-------------------------------  -----  ---------  --------  ----------  --------------  -------------------
/opt/airflow/dags/python_dag.py                           1           0  0.11s           2024-07-13T07:14:17
================================================================================
[2024-07-13T07:14:55.619+0000] {manager.py:878} INFO - 
================================================================================
DAG File Processing Stats

File Path                        PID    Runtime      # DAGs    # Errors  Last Runtime    Last Run
-------------------------------  -----  ---------  --------  ----------  --------------  -------------------
/opt/airflow/dags/python_dag.py                           0           1  0.05s           2024-07-13T07:14:47
================================================================================
[2024-07-13T07:15:25.738+0000] {manager.py:878} INFO - 
================================================================================
DAG File Processing Stats

File Path                        PID    Runtime      # DAGs    # Errors  Last Runtime    Last Run
-------------------------------  -----  ---------  --------  ----------  --------------  -------------------
/opt/airflow/dags/python_dag.py                           0           1  0.05s           2024-07-13T07:15:17
================================================================================
[2024-07-13T07:15:55.872+0000] {manager.py:878} INFO - 
================================================================================
DAG File Processing Stats

File Path                        PID    Runtime      # DAGs    # Errors  Last Runtime    Last Run
-------------------------------  -----  ---------  --------  ----------  --------------  -------------------
/opt/airflow/dags/python_dag.py                           0           1  0.33s           2024-07-13T07:15:48
================================================================================
[2024-07-13T07:16:26.290+0000] {manager.py:878} INFO - 
================================================================================
DAG File Processing Stats

File Path                        PID    Runtime      # DAGs    # Errors  Last Runtime    Last Run
-------------------------------  -----  ---------  --------  ----------  --------------  -------------------
/opt/airflow/dags/python_dag.py                           0           1  0.05s           2024-07-13T07:16:18
================================================================================
[2024-07-13T07:16:56.445+0000] {manager.py:878} INFO - 
================================================================================
DAG File Processing Stats

File Path                        PID    Runtime      # DAGs    # Errors  Last Runtime    Last Run
-------------------------------  -----  ---------  --------  ----------  --------------  -------------------
/opt/airflow/dags/python_dag.py                           0           1  0.05s           2024-07-13T07:16:52
================================================================================
[2024-07-13T07:17:26.683+0000] {manager.py:878} INFO - 
================================================================================
DAG File Processing Stats

File Path                        PID    Runtime      # DAGs    # Errors  Last Runtime    Last Run
-------------------------------  -----  ---------  --------  ----------  --------------  -------------------
/opt/airflow/dags/python_dag.py                           0           1  0.06s           2024-07-13T07:17:24
================================================================================
[2024-07-13T07:17:56.953+0000] {manager.py:878} INFO - 
================================================================================
DAG File Processing Stats

File Path                        PID    Runtime      # DAGs    # Errors  Last Runtime    Last Run
-------------------------------  -----  ---------  --------  ----------  --------------  -------------------
/opt/airflow/dags/python_dag.py                           0           1  0.07s           2024-07-13T07:17:53
================================================================================
[2024-07-13T07:18:27.165+0000] {manager.py:878} INFO - 
================================================================================
DAG File Processing Stats

File Path                        PID    Runtime      # DAGs    # Errors  Last Runtime    Last Run
-------------------------------  -----  ---------  --------  ----------  --------------  -------------------
/opt/airflow/dags/python_dag.py                           0           1  0.04s           2024-07-13T07:18:24
================================================================================
[2024-07-13T07:18:53.356+0000] {manager.py:737} INFO - Searching for files in /opt/airflow/dags
[2024-07-13T07:18:53.357+0000] {manager.py:740} INFO - There are 1 files in /opt/airflow/dags
[2024-07-13T07:18:57.418+0000] {manager.py:878} INFO - 
================================================================================
DAG File Processing Stats

File Path                        PID    Runtime      # DAGs    # Errors  Last Runtime    Last Run
-------------------------------  -----  ---------  --------  ----------  --------------  -------------------
/opt/airflow/dags/python_dag.py                           0           1  0.06s           2024-07-13T07:18:55
================================================================================
[2024-07-13T07:19:27.665+0000] {manager.py:878} INFO - 
================================================================================
DAG File Processing Stats

File Path                        PID    Runtime      # DAGs    # Errors  Last Runtime    Last Run
-------------------------------  -----  ---------  --------  ----------  --------------  -------------------
/opt/airflow/dags/python_dag.py                           0           1  0.06s           2024-07-13T07:19:25
================================================================================
[2024-07-13T07:19:57.788+0000] {manager.py:878} INFO - 
================================================================================
DAG File Processing Stats

File Path                        PID    Runtime      # DAGs    # Errors  Last Runtime    Last Run
-------------------------------  -----  ---------  --------  ----------  --------------  -------------------
/opt/airflow/dags/python_dag.py                           0           1  0.06s           2024-07-13T07:19:55
================================================================================
